#
# There is insufficient memory for the Java Runtime Environment to continue.
# Native memory allocation (malloc) failed to allocate 32744 bytes for ChunkPool::allocate
# Possible reasons:
#   The system is out of physical RAM or swap space
#   In 32 bit mode, the process size limit was hit
# Possible solutions:
#   Reduce memory load on the system
#   Increase physical memory or swap space
#   Check if swap backing store is full
#   Use 64 bit Java on a 64 bit OS
#   Decrease Java heap size (-Xmx/-Xms)
#   Decrease number of Java threads
#   Decrease Java thread stack sizes (-Xss)
#   Set larger code cache with -XX:ReservedCodeCacheSize=
# This output file may be truncated or incomplete.
#
#  Out of Memory Error (allocation.cpp:273), pid=13108, tid=0x0000000000003e1c
#
# JRE version: Java(TM) SE Runtime Environment (8.0_121-b13) (build 1.8.0_121-b13)
# Java VM: Java HotSpot(TM) 64-Bit Server VM (25.121-b13 mixed mode windows-amd64 compressed oops)
# Failed to write core dump. Minidumps are not enabled by default on client versions of Windows
#

---------------  T H R E A D  ---------------

Current thread (0x0000000017117000):  JavaThread "C2 CompilerThread2" daemon [_thread_in_native, id=15900, stack(0x0000000017ac0000,0x0000000017bc0000)]

Stack: [0x0000000017ac0000,0x0000000017bc0000]
[error occurred during error reporting (printing stack bounds), id 0xc0000005]

Native frames: (J=compiled Java code, j=interpreted, Vv=VM code, C=native code)


Current CompileTask:
C2:   2597 1526       4       com.android.dx.dex.code.OutputFinisher::addConstants (93 bytes)


---------------  P R O C E S S  ---------------

Java Threads: ( => current thread )
  0x00000000171b5800 JavaThread "Service Thread" daemon [_thread_blocked, id=15976, stack(0x0000000017cc0000,0x0000000017dc0000)]
  0x0000000017141800 JavaThread "C1 CompilerThread3" daemon [_thread_blocked, id=6340, stack(0x0000000017bc0000,0x0000000017cc0000)]
=>0x0000000017117000 JavaThread "C2 CompilerThread2" daemon [_thread_in_native, id=15900, stack(0x0000000017ac0000,0x0000000017bc0000)]
  0x0000000017113000 JavaThread "C2 CompilerThread1" daemon [_thread_in_native, id=1968, stack(0x00000000179c0000,0x0000000017ac0000)]
  0x000000001710d800 JavaThread "C2 CompilerThread0" daemon [_thread_in_native, id=15860, stack(0x00000000178c0000,0x00000000179c0000)]
  0x000000001710b000 JavaThread "Attach Listener" daemon [_thread_blocked, id=14536, stack(0x00000000177c0000,0x00000000178c0000)]
  0x000000001710a000 JavaThread "Signal Dispatcher" daemon [_thread_blocked, id=2252, stack(0x00000000176c0000,0x00000000177c0000)]
  0x0000000017100800 JavaThread "Finalizer" daemon [_thread_blocked, id=8200, stack(0x00000000174e0000,0x00000000175e0000)]
  0x0000000001207000 JavaThread "Reference Handler" daemon [_thread_blocked, id=10324, stack(0x0000000016fe0000,0x00000000170e0000)]
  0x0000000001112800 JavaThread "main" [_thread_in_Java, id=14448, stack(0x0000000001010000,0x0000000001110000)]

Other Threads:
  0x00000000151ea000 VMThread [stack: 0x0000000016ee0000,0x0000000016fe0000] [id=16360]
  0x00000000171bd800 WatcherThread [stack: 0x0000000017dc0000,0x0000000017ec0000] [id=14832]

VM state:not at safepoint (normal execution)

VM Mutex/Monitor currently owned by a thread:  ([mutex/lock_event])
[0x0000000000f8d2c0] CodeCache_lock - owner thread: 0x0000000000000000

Heap:
 PSYoungGen      total 45056K, used 28794K [0x00000000eab00000, 0x00000000eda00000, 0x0000000100000000)
  eden space 41984K, 61% used [0x00000000eab00000,0x00000000ec41f640,0x00000000ed400000)
  from space 3072K, 99% used [0x00000000ed700000,0x00000000ed9ff470,0x00000000eda00000)
  to   space 3072K, 0% used [0x00000000ed400000,0x00000000ed400000,0x00000000ed700000)
 ParOldGen       total 54784K, used 5039K [0x00000000c0000000, 0x00000000c3580000, 0x00000000eab00000)
  object space 54784K, 9% used [0x00000000c0000000,0x00000000c04ebc38,0x00000000c3580000)
 Metaspace       used 6501K, capacity 7224K, committed 7424K, reserved 1056768K
  class space    used 655K, capacity 688K, committed 768K, reserved 1048576K

Card table byte_map: [0x00000000015d0000,0x00000000017e0000] byte_map_base: 0x0000000000fd0000

Marking Bits: (ParMarkBitMap*) 0x000000005a31b6d0
 Begin Bits: [0x0000000012600000, 0x0000000013600000)
 End Bits:   [0x0000000013600000, 0x0000000014600000)

Polling page: 0x0000000000f70000

CodeCache: size=245760Kb used=6491Kb max_used=6491Kb free=239269Kb
 bounds [0x0000000003400000, 0x0000000003a60000, 0x0000000012400000]
 total_blobs=1864 nmethods=1595 adapters=182
 compilation: enabled

Compilation events (10 events):
Event: 2.462 Thread 0x0000000017141800 1629       3       com.android.dx.dex.code.PositionList::set (7 bytes)
Event: 2.463 Thread 0x0000000017141800 nmethod 1629 0x0000000003a57990 code [0x0000000003a57b60, 0x0000000003a58328]
Event: 2.463 Thread 0x0000000017141800 1632       3       com.android.dx.dex.code.InsnFormat::unsignedFitsInShort (14 bytes)
Event: 2.463 Thread 0x0000000017141800 nmethod 1632 0x0000000003a58850 code [0x0000000003a589a0, 0x0000000003a58b30]
Event: 2.463 Thread 0x0000000017141800 1630       3       com.android.dx.dex.code.LocalList$MakeState::add (75 bytes)
Event: 2.464 Thread 0x0000000017141800 nmethod 1630 0x0000000003a58bd0 code [0x0000000003a58e00, 0x0000000003a59a78]
Event: 2.464 Thread 0x0000000017141800 1633       3       com.android.dx.dex.code.CstInsn::getIndex (42 bytes)
Event: 2.465 Thread 0x0000000017141800 nmethod 1633 0x0000000003a5a290 code [0x0000000003a5a4a0, 0x0000000003a5af28]
Event: 2.465 Thread 0x0000000017141800 1631       3       com.android.dx.dex.code.LocalList::set (7 bytes)
Event: 2.466 Thread 0x0000000017141800 nmethod 1631 0x0000000003a5b3d0 code [0x0000000003a5b5a0, 0x0000000003a5bd68]

GC Heap History (4 events):
Event: 0.790 GC heap before
{Heap before GC invocations=1 (full 0):
 PSYoungGen      total 24064K, used 20992K [0x00000000eab00000, 0x00000000ec580000, 0x0000000100000000)
  eden space 20992K, 100% used [0x00000000eab00000,0x00000000ebf80000,0x00000000ebf80000)
  from space 3072K, 0% used [0x00000000ec280000,0x00000000ec280000,0x00000000ec580000)
  to   space 3072K, 0% used [0x00000000ebf80000,0x00000000ebf80000,0x00000000ec280000)
 ParOldGen       total 54784K, used 0K [0x00000000c0000000, 0x00000000c3580000, 0x00000000eab00000)
  object space 54784K, 0% used [0x00000000c0000000,0x00000000c0000000,0x00000000c3580000)
 Metaspace       used 5912K, capacity 6808K, committed 7168K, reserved 1056768K
  class space    used 617K, capacity 656K, committed 768K, reserved 1048576K
Event: 0.799 GC heap after
Heap after GC invocations=1 (full 0):
 PSYoungGen      total 24064K, used 3070K [0x00000000eab00000, 0x00000000eda00000, 0x0000000100000000)
  eden space 20992K, 0% used [0x00000000eab00000,0x00000000eab00000,0x00000000ebf80000)
  from space 3072K, 99% used [0x00000000ebf80000,0x00000000ec27fa58,0x00000000ec280000)
  to   space 3072K, 0% used [0x00000000ed700000,0x00000000ed700000,0x00000000eda00000)
 ParOldGen       total 54784K, used 1883K [0x00000000c0000000, 0x00000000c3580000, 0x00000000eab00000)
  object space 54784K, 3% used [0x00000000c0000000,0x00000000c01d6da8,0x00000000c3580000)
 Metaspace       used 5912K, capacity 6808K, committed 7168K, reserved 1056768K
  class space    used 617K, capacity 656K, committed 768K, reserved 1048576K
}
Event: 1.238 GC heap before
{Heap before GC invocations=2 (full 0):
 PSYoungGen      total 24064K, used 24062K [0x00000000eab00000, 0x00000000eda00000, 0x0000000100000000)
  eden space 20992K, 100% used [0x00000000eab00000,0x00000000ebf80000,0x00000000ebf80000)
  from space 3072K, 99% used [0x00000000ebf80000,0x00000000ec27fa58,0x00000000ec280000)
  to   space 3072K, 0% used [0x00000000ed700000,0x00000000ed700000,0x00000000eda00000)
 ParOldGen       total 54784K, used 1883K [0x00000000c0000000, 0x00000000c3580000, 0x00000000eab00000)
  object space 54784K, 3% used [0x00000000c0000000,0x00000000c01d6da8,0x00000000c3580000)
 Metaspace       used 6095K, capacity 7000K, committed 7168K, reserved 1056768K
  class space    used 617K, capacity 656K, committed 768K, reserved 1048576K
Event: 1.250 GC heap after
Heap after GC invocations=2 (full 0):
 PSYoungGen      total 45056K, used 3069K [0x00000000eab00000, 0x00000000eda00000, 0x0000000100000000)
  eden space 41984K, 0% used [0x00000000eab00000,0x00000000eab00000,0x00000000ed400000)
  from space 3072K, 99% used [0x00000000ed700000,0x00000000ed9ff470,0x00000000eda00000)
  to   space 3072K, 0% used [0x00000000ed400000,0x00000000ed400000,0x00000000ed700000)
 ParOldGen       total 54784K, used 5039K [0x00000000c0000000, 0x00000000c3580000, 0x00000000eab00000)
  object space 54784K, 9% used [0x00000000c0000000,0x00000000c04ebc38,0x00000000c3580000)
 Metaspace       used 6095K, capacity 7000K, committed 7168K, reserved 1056768K
  class space    used 617K, capacity 656K, committed 768K, reserved 1048576K
}

Deoptimization events (10 events):
Event: 2.358 Thread 0x0000000001112800 Uncommon trap: reason=class_check action=maybe_recompile pc=0x0000000003810108 method=java.util.Arrays.hashCode([Ljava/lang/Object;)I @ 43
Event: 2.359 Thread 0x0000000001112800 Uncommon trap: reason=class_check action=maybe_recompile pc=0x0000000003810108 method=java.util.Arrays.hashCode([Ljava/lang/Object;)I @ 43
Event: 2.359 Thread 0x0000000001112800 Uncommon trap: reason=class_check action=maybe_recompile pc=0x0000000003810108 method=java.util.Arrays.hashCode([Ljava/lang/Object;)I @ 43
Event: 2.369 Thread 0x0000000001112800 Uncommon trap: reason=unstable_if action=reinterpret pc=0x00000000037b7000 method=java.util.HashMap.putVal(ILjava/lang/Object;Ljava/lang/Object;ZZ)Ljava/lang/Object; @ 94
Event: 2.422 Thread 0x0000000001112800 Uncommon trap: reason=speculate_class_check action=maybe_recompile pc=0x00000000036f995c method=com.android.dx.util.FixedSizeList.equals(Ljava/lang/Object;)Z @ 25
Event: 2.422 Thread 0x0000000001112800 Uncommon trap: reason=class_check action=maybe_recompile pc=0x00000000036d9cf8 method=java.util.Arrays.equals([Ljava/lang/Object;[Ljava/lang/Object;)Z @ 62
Event: 2.422 Thread 0x0000000001112800 Uncommon trap: reason=speculate_class_check action=maybe_recompile pc=0x00000000036f995c method=com.android.dx.util.FixedSizeList.equals(Ljava/lang/Object;)Z @ 25
Event: 2.422 Thread 0x0000000001112800 Uncommon trap: reason=unstable_if action=reinterpret pc=0x00000000036d9d2c method=java.util.Arrays.equals([Ljava/lang/Object;[Ljava/lang/Object;)Z @ 23
Event: 2.422 Thread 0x0000000001112800 Uncommon trap: reason=speculate_class_check action=maybe_recompile pc=0x00000000036f995c method=com.android.dx.util.FixedSizeList.equals(Ljava/lang/Object;)Z @ 25
Event: 2.422 Thread 0x0000000001112800 Uncommon trap: reason=speculate_class_check action=maybe_recompile pc=0x00000000036f995c method=com.android.dx.util.FixedSizeList.equals(Ljava/lang/Object;)Z @ 25

Internal exceptions (7 events):
Event: 0.027 Thread 0x0000000001112800 Exception <a 'java/lang/NoSuchMethodError': Method sun.misc.Unsafe.defineClass(Ljava/lang/String;[BII)Ljava/lang/Class; name or signature does not match> (0x00000000eab07ca8) thrown at [C:\re\workspace\8-2-build-windows-amd64-cygwin\jdk8u121\8372\hotspot\
Event: 0.027 Thread 0x0000000001112800 Exception <a 'java/lang/NoSuchMethodError': Method sun.misc.Unsafe.prefetchRead(Ljava/lang/Object;J)V name or signature does not match> (0x00000000eab07f90) thrown at [C:\re\workspace\8-2-build-windows-amd64-cygwin\jdk8u121\8372\hotspot\src\share\vm\prims
Event: 0.807 Thread 0x00000000173eb000 Implicit null exception at 0x00000000036bb2d4 to 0x00000000036bce05
Event: 0.943 Thread 0x0000000017312000 Implicit null exception at 0x000000000366c462 to 0x000000000366c55a
Event: 1.385 Thread 0x000000001731d000 Exception <a 'java/lang/ArrayIndexOutOfBoundsException': 18> (0x00000000eb4fb4b8) thrown at [C:\re\workspace\8-2-build-windows-amd64-cygwin\jdk8u121\8372\hotspot\src\share\vm\interpreter\interpreterRuntime.cpp, line 366]
Event: 1.385 Thread 0x000000001731d000 Exception <a 'java/lang/ArrayIndexOutOfBoundsException': 145> (0x00000000eb4fd038) thrown at [C:\re\workspace\8-2-build-windows-amd64-cygwin\jdk8u121\8372\hotspot\src\share\vm\interpreter\interpreterRuntime.cpp, line 366]
Event: 1.387 Thread 0x000000001731d000 Exception <a 'java/lang/ArrayIndexOutOfBoundsException': 40> (0x00000000eb4fe320) thrown at [C:\re\workspace\8-2-build-windows-amd64-cygwin\jdk8u121\8372\hotspot\src\share\vm\interpreter\interpreterRuntime.cpp, line 366]

Events (10 events):
Event: 2.422 Thread 0x0000000001112800 Uncommon trap: trap_request=0xffffff76 fr.pc=0x00000000036f995c
Event: 2.422 Thread 0x0000000001112800 DEOPT PACKING pc=0x00000000036f995c sp=0x000000000110eef0
Event: 2.422 Thread 0x0000000001112800 DEOPT UNPACKING pc=0x000000000344582a sp=0x000000000110eeb0 mode 2
Event: 2.422 Thread 0x0000000001112800 Uncommon trap: trap_request=0xffffff76 fr.pc=0x00000000036f995c
Event: 2.422 Thread 0x0000000001112800 DEOPT PACKING pc=0x00000000036f995c sp=0x000000000110eef0
Event: 2.422 Thread 0x0000000001112800 DEOPT UNPACKING pc=0x000000000344582a sp=0x000000000110eeb0 mode 2
Event: 2.422 loading class com/android/dx/util/ByteArrayAnnotatedOutput
Event: 2.422 loading class com/android/dx/util/ByteArrayAnnotatedOutput done
Event: 2.429 loading class com/android/dx/rop/code/RegisterSpecList$Expander
Event: 2.429 loading class com/android/dx/rop/code/RegisterSpecList$Expander done


Dynamic libraries:
0x00007ff73c700000 - 0x00007ff73c737000 	C:\Program Files\Java\jdk1.8.0_121\bin\java.exe
0x00007ffa88590000 - 0x00007ffa8873d000 	C:\windows\SYSTEM32\ntdll.dll
0x00007ffa88380000 - 0x00007ffa884be000 	C:\windows\system32\KERNEL32.DLL
0x00007ffa85860000 - 0x00007ffa85975000 	C:\windows\system32\KERNELBASE.dll
0x00007ffa84150000 - 0x00007ffa841de000 	C:\windows\system32\apphelp.dll
0x00007ffa6ccc0000 - 0x00007ffa6cd13000 	C:\windows\AppPatch\AppPatch64\AcGenral.DLL
0x00007ffa881a0000 - 0x00007ffa8824a000 	C:\windows\system32\msvcrt.dll
0x00007ffa85830000 - 0x00007ffa8585e000 	C:\windows\system32\SspiCli.dll
0x00007ffa88250000 - 0x00007ffa882a4000 	C:\windows\system32\SHLWAPI.dll
0x00007ffa85eb0000 - 0x00007ffa86027000 	C:\windows\system32\USER32.dll
0x00007ffa879b0000 - 0x00007ffa87b44000 	C:\windows\system32\ole32.dll
0x00007ffa860c0000 - 0x00007ffa875e8000 	C:\windows\system32\SHELL32.dll
0x00007ffa84f10000 - 0x00007ffa84f31000 	C:\windows\SYSTEM32\USERENV.dll
0x00007ffa880f0000 - 0x00007ffa8819a000 	C:\windows\system32\ADVAPI32.dll
0x00007ffa74e50000 - 0x00007ffa74e6e000 	C:\windows\SYSTEM32\MPR.dll
0x00007ffa87fb0000 - 0x00007ffa880f0000 	C:\windows\system32\RPCRT4.dll
0x00007ffa877f0000 - 0x00007ffa87849000 	C:\windows\SYSTEM32\sechost.dll
0x00007ffa87b50000 - 0x00007ffa87d62000 	C:\windows\SYSTEM32\combase.dll
0x00007ffa87690000 - 0x00007ffa877df000 	C:\windows\system32\GDI32.dll
0x00007ffa856b0000 - 0x00007ffa856c5000 	C:\windows\SYSTEM32\profapi.dll
0x00007ffa84090000 - 0x00007ffa84142000 	C:\windows\SYSTEM32\SHCORE.dll
0x00007ffa875f0000 - 0x00007ffa87626000 	C:\windows\system32\IMM32.DLL
0x00007ffa87850000 - 0x00007ffa879a2000 	C:\windows\system32\MSCTF.dll
0x00007ffa82d30000 - 0x00007ffa82fab000 	C:\windows\WinSxS\amd64_microsoft.windows.common-controls_6595b64144ccf1df_6.0.9600.18006_none_623f33d3ecbe86e8\COMCTL32.dll
0x000000005a3a0000 - 0x000000005a472000 	C:\Program Files\Java\jdk1.8.0_121\jre\bin\msvcr100.dll
0x0000000059b00000 - 0x000000005a39b000 	C:\Program Files\Java\jdk1.8.0_121\jre\bin\server\jvm.dll
0x00007ffa79b20000 - 0x00007ffa79b29000 	C:\windows\SYSTEM32\WSOCK32.dll
0x00007ffa82fd0000 - 0x00007ffa82ff2000 	C:\windows\SYSTEM32\WINMM.dll
0x00007ffa84a30000 - 0x00007ffa84a3a000 	C:\windows\SYSTEM32\VERSION.dll
0x00007ffa877e0000 - 0x00007ffa877e7000 	C:\windows\system32\PSAPI.DLL
0x00007ffa87630000 - 0x00007ffa8768a000 	C:\windows\system32\WS2_32.dll
0x00007ffa82be0000 - 0x00007ffa82c0a000 	C:\windows\SYSTEM32\WINMMBASE.dll
0x00007ffa85c10000 - 0x00007ffa85c19000 	C:\windows\system32\NSI.dll
0x00007ffa859e0000 - 0x00007ffa85a2f000 	C:\windows\SYSTEM32\cfgmgr32.dll
0x00007ffa843c0000 - 0x00007ffa843e8000 	C:\windows\SYSTEM32\DEVOBJ.dll
0x000000005b3e0000 - 0x000000005b3ef000 	C:\Program Files\Java\jdk1.8.0_121\jre\bin\verify.dll
0x000000005b3b0000 - 0x000000005b3d9000 	C:\Program Files\Java\jdk1.8.0_121\jre\bin\java.dll
0x000000005b390000 - 0x000000005b3a6000 	C:\Program Files\Java\jdk1.8.0_121\jre\bin\zip.dll

VM Arguments:
jvm_args: -Djava.awt.headless=true -Xmx1024M -Dfile.encoding=windows-1252 -Duser.country=GB -Duser.language=en -Duser.variant 
java_command: com.android.dx.command.Main --dex --num-threads=4 --output D:\hackathon\Hackathon\Volksbank\android\app\build\intermediates\pre-dexed\debug\okio-1.9.0_92578ef583ef3e5c9a9f9c40371a0d08453d2f57.jar C:\Users\elBouaiadi\.gradle\caches\modules-2\files-2.1\com.squareup.okio\okio\1.9.0\f824591a0016efbaeddb8300bee54832a1398cfa\okio-1.9.0.jar
java_class_path (initial): D:\Android\build-tools\23.0.1\lib\dx.jar
Launcher Type: SUN_STANDARD

Environment Variables:
JAVA_HOME=C:\Program Files\Java\jdk1.8.0_121
CLASSPATH=D:\hackathon\Hackathon\Volksbank\android\\gradle\wrapper\gradle-wrapper.jar
PATH=C:\Users\elBouaiadi\bin;C:\Program Files\Git\mingw64\bin;C:\Program Files\Git\usr\local\bin;C:\Program Files\Git\usr\bin;C:\Program Files\Git\usr\bin;C:\Program Files\Git\mingw64\bin;C:\Program Files\Git\usr\bin;C:\Users\elBouaiadi\bin;C:\ProgramData\Oracle\Java\javapath;D:\Android\platform-tools;C:\Python27;C:\Python27\Scripts;C:\Program Files (x86)\Intel\iCLS Client;C:\Program Files\Intel\iCLS Client;C:\Program Files (x86)\NVIDIA Corporation\PhysX\Common;C:\windows\system32;C:\windows;C:\windows\System32\Wbem;C:\windows\System32\WindowsPowerShell\v1.0;C:\Program Files (x86)\Hewlett-Packard\HP Performance Advisor;C:\Program Files\Intel\Intel(R) Management Engine Components\DAL;C:\Program Files\Intel\Intel(R) Management Engine Components\IPT;C:\Program Files (x86)\Intel\Intel(R) Management Engine Components\DAL;C:\Program Files (x86)\Intel\Intel(R) Management Engine Components\IPT;C:\Program Files\Microsoft SQL Server\120\Tools\Binn;C:\cygnus\cygwin-b20\H-i586-cygwin32\bin;C:\Program Files\Intel\WiFi\bin;C:\Program Files\Common Files\Intel\WirelessCommon;C:\Program Files\MATLAB\R2015a\runtime\win64;C:\Program Files\MATLAB\R2015a\bin;C:\Program Files\Microsoft SQL Server\130\Tools\Binn;C:\Program Files (x86)\Windows Kits\8.1\Windows Performance Toolkit;C:\Program Files\Git\cmd;C:\Program Files\Microsoft\Web Platform Installer;C:\Program Files\Git LFS;D:\MATLAB\runtime\win64;D:\MATLAB\bin;C:\Program Files (x86)\Skype\Phone;D:\nodejs;C:\ProgramData\chocolatey\bin;C:\PostgreSQL\pg96\bin;C:\Users\elBouaiadi\Miniconda2;C:\Users\elBouaiadi\Miniconda2\Scripts;C:\Users\elBouaiadi\Miniconda2\Library\bin;C:\cygnus\cygwin-b20\H-i586-cygwin32\bin;C:\Users\elBouaiadi\AppData\Roaming\npm;C:\Users\elBouaiadi\AppData\Local\atom\bin;D:\Android\platform-tools;D:\Android\tools;C:\Program Files (x86)\Microsoft VS Code\bin;C:\Program Files\Git\usr\bin\vendor_perl;C:\Program Files\Git\usr\bin\core_perl
USERNAME=elBouaiadi
SHELL=C:\Program Files\Git\usr\bin\bash
DISPLAY=needs-to-be-defined
OS=Windows_NT
PROCESSOR_IDENTIFIER=Intel64 Family 6 Model 60 Stepping 3, GenuineIntel



---------------  S Y S T E M  ---------------

OS: Windows 8.1 , 64 bit Build 9600 (6.3.9600.17415)

CPU:total 8 (4 cores per cpu, 2 threads per core) family 6 model 60 stepping 3, cmov, cx8, fxsr, mmx, sse, sse2, sse3, ssse3, sse4.1, sse4.2, popcnt, avx, avx2, aes, clmul, erms, lzcnt, ht, tsc, tscinvbit, bmi1, bmi2

Memory: 4k page, physical 5155948k(178156k free), swap 8301676k(4924k free)

vm_info: Java HotSpot(TM) 64-Bit Server VM (25.121-b13) for windows-amd64 JRE (1.8.0_121-b13), built on Dec 12 2016 18:21:36 by "java_re" with MS VC++ 10.0 (VS2010)

time: Sat May 13 20:23:45 2017
elapsed time: 2 seconds (0d 0h 0m 2s)

