#
# There is insufficient memory for the Java Runtime Environment to continue.
# Native memory allocation (malloc) failed to allocate 65552 bytes for Chunk::new
# Possible reasons:
#   The system is out of physical RAM or swap space
#   In 32 bit mode, the process size limit was hit
# Possible solutions:
#   Reduce memory load on the system
#   Increase physical memory or swap space
#   Check if swap backing store is full
#   Use 64 bit Java on a 64 bit OS
#   Decrease Java heap size (-Xmx/-Xms)
#   Decrease number of Java threads
#   Decrease Java thread stack sizes (-Xss)
#   Set larger code cache with -XX:ReservedCodeCacheSize=
# This output file may be truncated or incomplete.
#
#  Out of Memory Error (allocation.cpp:390), pid=12484, tid=0x000000000000389c
#
# JRE version: Java(TM) SE Runtime Environment (8.0_121-b13) (build 1.8.0_121-b13)
# Java VM: Java HotSpot(TM) 64-Bit Server VM (25.121-b13 mixed mode windows-amd64 compressed oops)
# Failed to write core dump. Minidumps are not enabled by default on client versions of Windows
#

---------------  T H R E A D  ---------------

Current thread (0x0000000016f40800):  JavaThread "C2 CompilerThread2" daemon [_thread_in_native, id=14492, stack(0x00000000178a0000,0x00000000179a0000)]

Stack: [0x00000000178a0000,0x00000000179a0000]
[error occurred during error reporting (printing stack bounds), id 0xc0000005]

Native frames: (J=compiled Java code, j=interpreted, Vv=VM code, C=native code)


Current CompileTask:
C2:   1459 1170       4       com.android.dx.ssa.SsaMethod::computeReachability (131 bytes)


---------------  P R O C E S S  ---------------

Java Threads: ( => current thread )
  0x00000000171bb800 JavaThread "pool-1-thread-4" [_thread_blocked, id=11716, stack(0x00000000180a0000,0x00000000181a0000)]
  0x00000000171ba800 JavaThread "pool-1-thread-3" [_thread_blocked, id=2872, stack(0x0000000017fa0000,0x00000000180a0000)]
  0x00000000171c8000 JavaThread "pool-1-thread-2" [_thread_blocked, id=13984, stack(0x0000000017ea0000,0x0000000017fa0000)]
  0x00000000171b4000 JavaThread "pool-2-thread-1" [_thread_blocked, id=9516, stack(0x0000000017da0000,0x0000000017ea0000)]
  0x00000000171a8800 JavaThread "pool-1-thread-1" [_thread_blocked, id=11744, stack(0x0000000017ca0000,0x0000000017da0000)]
  0x0000000016f7a000 JavaThread "Service Thread" daemon [_thread_blocked, id=15392, stack(0x0000000017aa0000,0x0000000017ba0000)]
  0x0000000016f5b800 JavaThread "C1 CompilerThread3" daemon [_thread_in_native, id=11560, stack(0x00000000179a0000,0x0000000017aa0000)]
=>0x0000000016f40800 JavaThread "C2 CompilerThread2" daemon [_thread_in_native, id=14492, stack(0x00000000178a0000,0x00000000179a0000)]
  0x0000000016f2a000 JavaThread "C2 CompilerThread1" daemon [_thread_in_native, id=12104, stack(0x00000000177a0000,0x00000000178a0000)]
  0x0000000016eed000 JavaThread "C2 CompilerThread0" daemon [_thread_in_native, id=12720, stack(0x00000000176a0000,0x00000000177a0000)]
  0x0000000016eea800 JavaThread "Attach Listener" daemon [_thread_blocked, id=12200, stack(0x00000000175a0000,0x00000000176a0000)]
  0x0000000016ee9800 JavaThread "Signal Dispatcher" daemon [_thread_blocked, id=13068, stack(0x00000000174a0000,0x00000000175a0000)]
  0x0000000001039800 JavaThread "Finalizer" daemon [_thread_blocked, id=6076, stack(0x00000000172c0000,0x00000000173c0000)]
  0x0000000001036000 JavaThread "Reference Handler" daemon [_thread_blocked, id=1080, stack(0x0000000016dc0000,0x0000000016ec0000)]
  0x0000000000f42800 JavaThread "main" [_thread_in_vm, id=1084, stack(0x0000000000e40000,0x0000000000f40000)]

Other Threads:
  0x0000000014fe9800 VMThread [stack: 0x0000000016cc0000,0x0000000016dc0000] [id=8948]
  0x0000000016f81000 WatcherThread [stack: 0x0000000017ba0000,0x0000000017ca0000] [id=10004]

VM state:not at safepoint (normal execution)

VM Mutex/Monitor currently owned by a thread: None

Heap:
 PSYoungGen      total 24064K, used 16298K [0x00000000eab00000, 0x00000000eda00000, 0x0000000100000000)
  eden space 20992K, 63% used [0x00000000eab00000,0x00000000eb7eb0b8,0x00000000ebf80000)
  from space 3072K, 99% used [0x00000000ebf80000,0x00000000ec27f7a8,0x00000000ec280000)
  to   space 3072K, 0% used [0x00000000ed700000,0x00000000ed700000,0x00000000eda00000)
 ParOldGen       total 54784K, used 2468K [0x00000000c0000000, 0x00000000c3580000, 0x00000000eab00000)
  object space 54784K, 4% used [0x00000000c0000000,0x00000000c0269390,0x00000000c3580000)
 Metaspace       used 6134K, capacity 7000K, committed 7168K, reserved 1056768K
  class space    used 622K, capacity 656K, committed 768K, reserved 1048576K

Card table byte_map: [0x0000000001400000,0x0000000001610000] byte_map_base: 0x0000000000e00000

Marking Bits: (ParMarkBitMap*) 0x000000005a31b6d0
 Begin Bits: [0x0000000012400000, 0x0000000013400000)
 End Bits:   [0x0000000013400000, 0x0000000014400000)

Polling page: 0x0000000000de0000

CodeCache: size=245760Kb used=4764Kb max_used=4764Kb free=240995Kb
 bounds [0x0000000003400000, 0x00000000038b0000, 0x0000000012400000]
 total_blobs=1447 nmethods=1178 adapters=182
 compilation: enabled

Compilation events (10 events):
Event: 1.439 Thread 0x0000000016f5b800 nmethod 1181 0x000000000389d850 code [0x000000000389d9a0, 0x000000000389db90]
Event: 1.439 Thread 0x0000000016f5b800 1184       3       com.android.dx.cf.code.ConcreteMethod::getMaxLocals (8 bytes)
Event: 1.440 Thread 0x0000000016f5b800 nmethod 1184 0x000000000389dc50 code [0x000000000389dda0, 0x000000000389df90]
Event: 1.440 Thread 0x0000000016f5b800 1190       3       com.android.dx.rop.type.Prototype::makeParameterArray (131 bytes)
Event: 1.440 Thread 0x0000000016f5b800 nmethod 1190 0x000000000389e050 code [0x000000000389e280, 0x000000000389ee58]
Event: 1.440 Thread 0x0000000016f5b800 1191   !   3       com.android.dx.cf.direct.AttributeListParser::parse (323 bytes)
Event: 1.445 Thread 0x0000000016f5b800 nmethod 1191 0x000000000389f3d0 code [0x000000000389f920, 0x00000000038a3068]
Event: 1.445 Thread 0x0000000016f5b800 1193       3       com.android.dx.cf.direct.StdAttributeFactory::lineNumberTable (204 bytes)
Event: 1.448 Thread 0x0000000016f5b800 nmethod 1193 0x00000000038a5910 code [0x00000000038a5dc0, 0x00000000038a8ab8]
Event: 1.448 Thread 0x0000000016f5b800 1192       3       com.android.dx.cf.direct.StdAttributeFactory::code (613 bytes)

GC Heap History (2 events):
Event: 1.097 GC heap before
{Heap before GC invocations=1 (full 0):
 PSYoungGen      total 24064K, used 20992K [0x00000000eab00000, 0x00000000ec580000, 0x0000000100000000)
  eden space 20992K, 100% used [0x00000000eab00000,0x00000000ebf80000,0x00000000ebf80000)
  from space 3072K, 0% used [0x00000000ec280000,0x00000000ec280000,0x00000000ec580000)
  to   space 3072K, 0% used [0x00000000ebf80000,0x00000000ebf80000,0x00000000ec280000)
 ParOldGen       total 54784K, used 0K [0x00000000c0000000, 0x00000000c3580000, 0x00000000eab00000)
  object space 54784K, 0% used [0x00000000c0000000,0x00000000c0000000,0x00000000c3580000)
 Metaspace       used 5982K, capacity 6872K, committed 7168K, reserved 1056768K
  class space    used 622K, capacity 656K, committed 768K, reserved 1048576K
Event: 1.230 GC heap after
Heap after GC invocations=1 (full 0):
 PSYoungGen      total 24064K, used 3069K [0x00000000eab00000, 0x00000000eda00000, 0x0000000100000000)
  eden space 20992K, 0% used [0x00000000eab00000,0x00000000eab00000,0x00000000ebf80000)
  from space 3072K, 99% used [0x00000000ebf80000,0x00000000ec27f7a8,0x00000000ec280000)
  to   space 3072K, 0% used [0x00000000ed700000,0x00000000ed700000,0x00000000eda00000)
 ParOldGen       total 54784K, used 2468K [0x00000000c0000000, 0x00000000c3580000, 0x00000000eab00000)
  object space 54784K, 4% used [0x00000000c0000000,0x00000000c0269390,0x00000000c3580000)
 Metaspace       used 5982K, capacity 6872K, committed 7168K, reserved 1056768K
  class space    used 622K, capacity 656K, committed 768K, reserved 1048576K
}

Deoptimization events (10 events):
Event: 0.927 Thread 0x00000000171bb800 Uncommon trap: reason=unstable_if action=reinterpret pc=0x00000000036c049c method=com.android.dx.rop.cst.Constant.compareTo(Lcom/android/dx/rop/cst/Constant;)I @ 12
Event: 1.233 Thread 0x00000000171ba800 Uncommon trap: reason=unstable_if action=reinterpret pc=0x00000000036397c0 method=java.util.HashMap.getNode(ILjava/lang/Object;)Ljava/util/HashMap$Node; @ 129
Event: 1.253 Thread 0x00000000171bb800 Uncommon trap: reason=unstable_if action=reinterpret pc=0x00000000036e76ec method=com.android.dx.rop.code.RegisterSpecSet.put(Lcom/android/dx/rop/code/RegisterSpec;)V @ 77
Event: 1.253 Thread 0x00000000171bb800 Uncommon trap: reason=unstable_if action=reinterpret pc=0x000000000374a6a0 method=com.android.dx.rop.code.RegisterSpecSet.put(Lcom/android/dx/rop/code/RegisterSpec;)V @ 77
Event: 1.273 Thread 0x00000000171a8800 Uncommon trap: reason=unstable_if action=reinterpret pc=0x00000000037a8580 method=com.android.dx.ssa.SsaRenamer$BlockRenamer.addMapping(ILcom/android/dx/rop/code/RegisterSpec;)V @ 120
Event: 1.410 Thread 0x00000000171a8800 Uncommon trap: reason=unstable_if action=reinterpret pc=0x00000000036ceb80 method=com.android.dx.rop.code.RegisterSpec.equals(ILcom/android/dx/rop/type/TypeBearer;Lcom/android/dx/rop/code/LocalItem;)Z @ 42
Event: 1.424 Thread 0x00000000171a8800 Uncommon trap: reason=bimorphic action=maybe_recompile pc=0x00000000036d13d4 method=java.util.HashMap.getNode(ILjava/lang/Object;)Ljava/util/HashMap$Node; @ 126
Event: 1.424 Thread 0x00000000171a8800 Uncommon trap: reason=bimorphic action=maybe_recompile pc=0x00000000036d13d4 method=java.util.HashMap.getNode(ILjava/lang/Object;)Ljava/util/HashMap$Node; @ 126
Event: 1.424 Thread 0x00000000171a8800 Uncommon trap: reason=bimorphic action=maybe_recompile pc=0x00000000036d13d4 method=java.util.HashMap.getNode(ILjava/lang/Object;)Ljava/util/HashMap$Node; @ 126
Event: 1.424 Thread 0x00000000171a8800 Uncommon trap: reason=bimorphic action=maybe_recompile pc=0x00000000036d13d4 method=java.util.HashMap.getNode(ILjava/lang/Object;)Ljava/util/HashMap$Node; @ 126

Internal exceptions (2 events):
Event: 0.044 Thread 0x0000000000f42800 Exception <a 'java/lang/NoSuchMethodError': Method sun.misc.Unsafe.defineClass(Ljava/lang/String;[BII)Ljava/lang/Class; name or signature does not match> (0x00000000eab07ca8) thrown at [C:\re\workspace\8-2-build-windows-amd64-cygwin\jdk8u121\8372\hotspot\
Event: 0.044 Thread 0x0000000000f42800 Exception <a 'java/lang/NoSuchMethodError': Method sun.misc.Unsafe.prefetchRead(Ljava/lang/Object;J)V name or signature does not match> (0x00000000eab07f90) thrown at [C:\re\workspace\8-2-build-windows-amd64-cygwin\jdk8u121\8372\hotspot\src\share\vm\prims

Events (10 events):
Event: 1.424 Thread 0x00000000171a8800 DEOPT UNPACKING pc=0x000000000344582a sp=0x0000000017d9e4a0 mode 2
Event: 1.424 Thread 0x00000000171a8800 Uncommon trap: trap_request=0xffffffc6 fr.pc=0x00000000036d13d4
Event: 1.424 Thread 0x00000000171a8800 DEOPT PACKING pc=0x00000000036d13d4 sp=0x0000000017d9e520
Event: 1.424 Thread 0x00000000171a8800 DEOPT UNPACKING pc=0x000000000344582a sp=0x0000000017d9e4a0 mode 2
Event: 1.424 Thread 0x00000000171a8800 Uncommon trap: trap_request=0xffffffc6 fr.pc=0x00000000036d13d4
Event: 1.424 Thread 0x00000000171a8800 DEOPT PACKING pc=0x00000000036d13d4 sp=0x0000000017d9e520
Event: 1.424 Thread 0x00000000171a8800 DEOPT UNPACKING pc=0x000000000344582a sp=0x0000000017d9e4a0 mode 2
Event: 1.424 Thread 0x00000000171a8800 Uncommon trap: trap_request=0xffffffc6 fr.pc=0x00000000036d13d4
Event: 1.424 Thread 0x00000000171a8800 DEOPT PACKING pc=0x00000000036d13d4 sp=0x0000000017d9e520
Event: 1.424 Thread 0x00000000171a8800 DEOPT UNPACKING pc=0x000000000344582a sp=0x0000000017d9e4a0 mode 2


Dynamic libraries:
0x00007ff73c700000 - 0x00007ff73c737000 	C:\Program Files\Java\jdk1.8.0_121\bin\java.exe
0x00007ffa88590000 - 0x00007ffa8873d000 	C:\windows\SYSTEM32\ntdll.dll
0x00007ffa88380000 - 0x00007ffa884be000 	C:\windows\system32\KERNEL32.DLL
0x00007ffa85860000 - 0x00007ffa85975000 	C:\windows\system32\KERNELBASE.dll
0x00007ffa84150000 - 0x00007ffa841de000 	C:\windows\system32\apphelp.dll
0x00007ffa71b80000 - 0x00007ffa71bd3000 	C:\windows\AppPatch\AppPatch64\AcGenral.DLL
0x00007ffa881a0000 - 0x00007ffa8824a000 	C:\windows\system32\msvcrt.dll
0x00007ffa85830000 - 0x00007ffa8585e000 	C:\windows\system32\SspiCli.dll
0x00007ffa88250000 - 0x00007ffa882a4000 	C:\windows\system32\SHLWAPI.dll
0x00007ffa85eb0000 - 0x00007ffa86027000 	C:\windows\system32\USER32.dll
0x00007ffa879b0000 - 0x00007ffa87b44000 	C:\windows\system32\ole32.dll
0x00007ffa860c0000 - 0x00007ffa875e8000 	C:\windows\system32\SHELL32.dll
0x00007ffa84f10000 - 0x00007ffa84f31000 	C:\windows\SYSTEM32\USERENV.dll
0x00007ffa880f0000 - 0x00007ffa8819a000 	C:\windows\system32\ADVAPI32.dll
0x00007ffa74e50000 - 0x00007ffa74e6e000 	C:\windows\SYSTEM32\MPR.dll
0x00007ffa87fb0000 - 0x00007ffa880f0000 	C:\windows\system32\RPCRT4.dll
0x00007ffa877f0000 - 0x00007ffa87849000 	C:\windows\SYSTEM32\sechost.dll
0x00007ffa87b50000 - 0x00007ffa87d62000 	C:\windows\SYSTEM32\combase.dll
0x00007ffa87690000 - 0x00007ffa877df000 	C:\windows\system32\GDI32.dll
0x00007ffa856b0000 - 0x00007ffa856c5000 	C:\windows\SYSTEM32\profapi.dll
0x00007ffa84090000 - 0x00007ffa84142000 	C:\windows\SYSTEM32\SHCORE.dll
0x00007ffa875f0000 - 0x00007ffa87626000 	C:\windows\system32\IMM32.DLL
0x00007ffa87850000 - 0x00007ffa879a2000 	C:\windows\system32\MSCTF.dll
0x00007ffa82d30000 - 0x00007ffa82fab000 	C:\windows\WinSxS\amd64_microsoft.windows.common-controls_6595b64144ccf1df_6.0.9600.18006_none_623f33d3ecbe86e8\COMCTL32.dll
0x000000005a3a0000 - 0x000000005a472000 	C:\Program Files\Java\jdk1.8.0_121\jre\bin\msvcr100.dll
0x0000000059b00000 - 0x000000005a39b000 	C:\Program Files\Java\jdk1.8.0_121\jre\bin\server\jvm.dll
0x00007ffa79b20000 - 0x00007ffa79b29000 	C:\windows\SYSTEM32\WSOCK32.dll
0x00007ffa82fd0000 - 0x00007ffa82ff2000 	C:\windows\SYSTEM32\WINMM.dll
0x00007ffa84a30000 - 0x00007ffa84a3a000 	C:\windows\SYSTEM32\VERSION.dll
0x00007ffa877e0000 - 0x00007ffa877e7000 	C:\windows\system32\PSAPI.DLL
0x00007ffa87630000 - 0x00007ffa8768a000 	C:\windows\system32\WS2_32.dll
0x00007ffa82be0000 - 0x00007ffa82c0a000 	C:\windows\SYSTEM32\WINMMBASE.dll
0x00007ffa85c10000 - 0x00007ffa85c19000 	C:\windows\system32\NSI.dll
0x00007ffa859e0000 - 0x00007ffa85a2f000 	C:\windows\SYSTEM32\cfgmgr32.dll
0x00007ffa843c0000 - 0x00007ffa843e8000 	C:\windows\SYSTEM32\DEVOBJ.dll
0x000000005b3e0000 - 0x000000005b3ef000 	C:\Program Files\Java\jdk1.8.0_121\jre\bin\verify.dll
0x000000005b3b0000 - 0x000000005b3d9000 	C:\Program Files\Java\jdk1.8.0_121\jre\bin\java.dll
0x000000005b390000 - 0x000000005b3a6000 	C:\Program Files\Java\jdk1.8.0_121\jre\bin\zip.dll

VM Arguments:
jvm_args: -Djava.awt.headless=true -Xmx1024M -Dfile.encoding=windows-1252 -Duser.country=GB -Duser.language=en -Duser.variant 
java_command: com.android.dx.command.Main --dex --num-threads=4 --output D:\hackathon\Hackathon\Volksbank\android\app\build\intermediates\pre-dexed\debug\com.android.support-support-v4-23.0.1_a7970f0d762d2c348aa03d4ee7c73e003c6e7ab4.jar D:\hackathon\Hackathon\Volksbank\android\app\build\intermediates\exploded-aar\com.android.support\support-v4\23.0.1\jars\classes.jar
java_class_path (initial): D:\Android\build-tools\23.0.1\lib\dx.jar
Launcher Type: SUN_STANDARD

Environment Variables:
JAVA_HOME=C:\Program Files\Java\jdk1.8.0_121
CLASSPATH=D:\hackathon\Hackathon\Volksbank\android\\gradle\wrapper\gradle-wrapper.jar
PATH=C:\Users\elBouaiadi\bin;C:\Program Files\Git\mingw64\bin;C:\Program Files\Git\usr\local\bin;C:\Program Files\Git\usr\bin;C:\Program Files\Git\usr\bin;C:\Program Files\Git\mingw64\bin;C:\Program Files\Git\usr\bin;C:\Users\elBouaiadi\bin;C:\ProgramData\Oracle\Java\javapath;D:\Android\platform-tools;C:\Python27;C:\Python27\Scripts;C:\Program Files (x86)\Intel\iCLS Client;C:\Program Files\Intel\iCLS Client;C:\Program Files (x86)\NVIDIA Corporation\PhysX\Common;C:\windows\system32;C:\windows;C:\windows\System32\Wbem;C:\windows\System32\WindowsPowerShell\v1.0;C:\Program Files (x86)\Hewlett-Packard\HP Performance Advisor;C:\Program Files\Intel\Intel(R) Management Engine Components\DAL;C:\Program Files\Intel\Intel(R) Management Engine Components\IPT;C:\Program Files (x86)\Intel\Intel(R) Management Engine Components\DAL;C:\Program Files (x86)\Intel\Intel(R) Management Engine Components\IPT;C:\Program Files\Microsoft SQL Server\120\Tools\Binn;C:\cygnus\cygwin-b20\H-i586-cygwin32\bin;C:\Program Files\Intel\WiFi\bin;C:\Program Files\Common Files\Intel\WirelessCommon;C:\Program Files\MATLAB\R2015a\runtime\win64;C:\Program Files\MATLAB\R2015a\bin;C:\Program Files\Microsoft SQL Server\130\Tools\Binn;C:\Program Files (x86)\Windows Kits\8.1\Windows Performance Toolkit;C:\Program Files\Git\cmd;C:\Program Files\Microsoft\Web Platform Installer;C:\Program Files\Git LFS;D:\MATLAB\runtime\win64;D:\MATLAB\bin;C:\Program Files (x86)\Skype\Phone;D:\nodejs;C:\ProgramData\chocolatey\bin;C:\PostgreSQL\pg96\bin;C:\Users\elBouaiadi\Miniconda2;C:\Users\elBouaiadi\Miniconda2\Scripts;C:\Users\elBouaiadi\Miniconda2\Library\bin;C:\cygnus\cygwin-b20\H-i586-cygwin32\bin;C:\Users\elBouaiadi\AppData\Roaming\npm;C:\Users\elBouaiadi\AppData\Local\atom\bin;D:\Android\platform-tools;D:\Android\tools;C:\Program Files (x86)\Microsoft VS Code\bin;C:\Program Files\Git\usr\bin\vendor_perl;C:\Program Files\Git\usr\bin\core_perl
USERNAME=elBouaiadi
SHELL=C:\Program Files\Git\usr\bin\bash
DISPLAY=needs-to-be-defined
OS=Windows_NT
PROCESSOR_IDENTIFIER=Intel64 Family 6 Model 60 Stepping 3, GenuineIntel



---------------  S Y S T E M  ---------------

OS: Windows 8.1 , 64 bit Build 9600 (6.3.9600.17415)

CPU:total 8 (4 cores per cpu, 2 threads per core) family 6 model 60 stepping 3, cmov, cx8, fxsr, mmx, sse, sse2, sse3, ssse3, sse4.1, sse4.2, popcnt, avx, avx2, aes, clmul, erms, lzcnt, ht, tsc, tscinvbit, bmi1, bmi2

Memory: 4k page, physical 5155948k(310584k free), swap 8301676k(5452k free)

vm_info: Java HotSpot(TM) 64-Bit Server VM (25.121-b13) for windows-amd64 JRE (1.8.0_121-b13), built on Dec 12 2016 18:21:36 by "java_re" with MS VC++ 10.0 (VS2010)

time: Sat May 13 20:59:46 2017
elapsed time: 1 seconds (0d 0h 0m 1s)

