#
# There is insufficient memory for the Java Runtime Environment to continue.
# Native memory allocation (malloc) failed to allocate 188816 bytes for Chunk::new
# Possible reasons:
#   The system is out of physical RAM or swap space
#   In 32 bit mode, the process size limit was hit
# Possible solutions:
#   Reduce memory load on the system
#   Increase physical memory or swap space
#   Check if swap backing store is full
#   Use 64 bit Java on a 64 bit OS
#   Decrease Java heap size (-Xmx/-Xms)
#   Decrease number of Java threads
#   Decrease Java thread stack sizes (-Xss)
#   Set larger code cache with -XX:ReservedCodeCacheSize=
# This output file may be truncated or incomplete.
#
#  Out of Memory Error (allocation.cpp:390), pid=15528, tid=0x0000000000003a80
#
# JRE version: Java(TM) SE Runtime Environment (8.0_121-b13) (build 1.8.0_121-b13)
# Java VM: Java HotSpot(TM) 64-Bit Server VM (25.121-b13 mixed mode windows-amd64 compressed oops)
# Failed to write core dump. Minidumps are not enabled by default on client versions of Windows
#

---------------  T H R E A D  ---------------

Current thread (0x0000000016a29000):  JavaThread "C2 CompilerThread2" daemon [_thread_in_native, id=14976, stack(0x00000000173d0000,0x00000000174d0000)]

Stack: [0x00000000173d0000,0x00000000174d0000]
[error occurred during error reporting (printing stack bounds), id 0xc0000005]

Native frames: (J=compiled Java code, j=interpreted, Vv=VM code, C=native code)


Current CompileTask:
C2:   1533  899       4       com.android.dx.ssa.back.LivenessAnalyzer::liveOutAtStatement (61 bytes)


---------------  P R O C E S S  ---------------

Java Threads: ( => current thread )
  0x0000000016d4b800 JavaThread "pool-1-thread-4" [_thread_in_Java, id=14624, stack(0x0000000017bd0000,0x0000000017cd0000)]
  0x0000000016d46800 JavaThread "pool-1-thread-3" [_thread_in_Java, id=15992, stack(0x0000000017ad0000,0x0000000017bd0000)]
  0x0000000016d42000 JavaThread "pool-1-thread-2" [_thread_in_Java, id=11808, stack(0x00000000179d0000,0x0000000017ad0000)]
  0x0000000016d3f000 JavaThread "pool-2-thread-1" [_thread_blocked, id=17192, stack(0x00000000178d0000,0x00000000179d0000)]
  0x0000000016d3e800 JavaThread "pool-1-thread-1" [_thread_in_Java, id=10960, stack(0x00000000177d0000,0x00000000178d0000)]
  0x0000000016aca000 JavaThread "Service Thread" daemon [_thread_blocked, id=14836, stack(0x00000000175d0000,0x00000000176d0000)]
  0x0000000016a5f800 JavaThread "C1 CompilerThread3" daemon [_thread_in_native, id=11268, stack(0x00000000174d0000,0x00000000175d0000)]
=>0x0000000016a29000 JavaThread "C2 CompilerThread2" daemon [_thread_in_native, id=14976, stack(0x00000000173d0000,0x00000000174d0000)]
  0x0000000016a22000 JavaThread "C2 CompilerThread1" daemon [_thread_in_native, id=16428, stack(0x00000000172d0000,0x00000000173d0000)]
  0x0000000016a1d000 JavaThread "C2 CompilerThread0" daemon [_thread_in_native, id=8780, stack(0x00000000171d0000,0x00000000172d0000)]
  0x0000000016a1a800 JavaThread "Attach Listener" daemon [_thread_blocked, id=944, stack(0x00000000170d0000,0x00000000171d0000)]
  0x0000000016a1a000 JavaThread "Signal Dispatcher" daemon [_thread_blocked, id=15032, stack(0x0000000016fd0000,0x00000000170d0000)]
  0x0000000001fa9800 JavaThread "Finalizer" daemon [_thread_blocked, id=7160, stack(0x0000000016df0000,0x0000000016ef0000)]
  0x0000000001fa6000 JavaThread "Reference Handler" daemon [_thread_blocked, id=9144, stack(0x00000000168f0000,0x00000000169f0000)]
  0x0000000001eb2800 JavaThread "main" [_thread_in_Java, id=14880, stack(0x0000000001cd0000,0x0000000001dd0000)]

Other Threads:
  0x0000000014b19800 VMThread [stack: 0x00000000167f0000,0x00000000168f0000] [id=13212]
  0x0000000016ad1000 WatcherThread [stack: 0x00000000176d0000,0x00000000177d0000] [id=15336]

VM state:not at safepoint (normal execution)

VM Mutex/Monitor currently owned by a thread: None

Heap:
 PSYoungGen      total 24064K, used 4323K [0x00000000eab00000, 0x00000000ec580000, 0x0000000100000000)
  eden space 20992K, 5% used [0x00000000eab00000,0x00000000eac39ad8,0x00000000ebf80000)
  from space 3072K, 99% used [0x00000000ebf80000,0x00000000ec27f508,0x00000000ec280000)
  to   space 3072K, 0% used [0x00000000ec280000,0x00000000ec280000,0x00000000ec580000)
 ParOldGen       total 54784K, used 2023K [0x00000000c0000000, 0x00000000c3580000, 0x00000000eab00000)
  object space 54784K, 3% used [0x00000000c0000000,0x00000000c01f9d28,0x00000000c3580000)
 Metaspace       used 5842K, capacity 6776K, committed 7040K, reserved 1056768K
  class space    used 610K, capacity 624K, committed 640K, reserved 1048576K

Card table byte_map: [0x00000000113c0000,0x00000000115d0000] byte_map_base: 0x0000000010dc0000

Marking Bits: (ParMarkBitMap*) 0x000000005a31b6d0
 Begin Bits: [0x0000000011f30000, 0x0000000012f30000)
 End Bits:   [0x0000000012f30000, 0x0000000013f30000)

Polling page: 0x0000000000500000

CodeCache: size=245760Kb used=3448Kb max_used=3459Kb free=242311Kb
 bounds [0x0000000002000000, 0x0000000002370000, 0x0000000011000000]
 total_blobs=1159 nmethods=893 adapters=179
 compilation: enabled

Compilation events (10 events):
Event: 1.265 Thread 0x0000000016a5f800 nmethod 876 0x0000000002350e10 code [0x0000000002350fc0, 0x0000000002351528]
Event: 1.265 Thread 0x0000000016a5f800  903       3       com.android.dx.rop.code.BasicBlockList::preferredSuccessorOf (77 bytes)
Event: 1.265 Thread 0x0000000016a5f800 nmethod 903 0x0000000002351890 code [0x0000000002351a40, 0x0000000002352168]
Event: 1.265 Thread 0x0000000016a5f800  902       3       java.util.BitSet::checkRange (104 bytes)
Event: 1.267 Thread 0x0000000016a5f800 nmethod 902 0x0000000002352310 code [0x0000000002352620, 0x0000000002353e58]
Event: 1.267 Thread 0x0000000016a5f800  911       3       com.android.dx.dex.code.BlockAddresses::getEnd (10 bytes)
Event: 1.267 Thread 0x0000000016a5f800 nmethod 911 0x0000000002354950 code [0x0000000002354ac0, 0x0000000002354cd0]
Event: 1.267 Thread 0x0000000016a5f800  905       3       com.android.dx.dex.code.RopTranslator::outputBlock (202 bytes)
Event: 1.530 Thread 0x0000000016a1d000 nmethod 811 0x000000000235ca90 code [0x000000000235cd20, 0x000000000235e9f0]
Event: 1.530 Thread 0x0000000016a1d000  904       4       com.android.dx.dex.code.OutputCollector::add (9 bytes)

GC Heap History (2 events):
Event: 1.271 GC heap before
{Heap before GC invocations=1 (full 0):
 PSYoungGen      total 24064K, used 20992K [0x00000000eab00000, 0x00000000ec580000, 0x0000000100000000)
  eden space 20992K, 100% used [0x00000000eab00000,0x00000000ebf80000,0x00000000ebf80000)
  from space 3072K, 0% used [0x00000000ec280000,0x00000000ec280000,0x00000000ec580000)
  to   space 3072K, 0% used [0x00000000ebf80000,0x00000000ebf80000,0x00000000ec280000)
 ParOldGen       total 54784K, used 0K [0x00000000c0000000, 0x00000000c3580000, 0x00000000eab00000)
  object space 54784K, 0% used [0x00000000c0000000,0x00000000c0000000,0x00000000c3580000)
 Metaspace       used 5828K, capacity 6776K, committed 7040K, reserved 1056768K
  class space    used 610K, capacity 624K, committed 640K, reserved 1048576K
Event: 1.530 GC heap after
Heap after GC invocations=1 (full 0):
 PSYoungGen      total 24064K, used 3069K [0x00000000eab00000, 0x00000000ec580000, 0x0000000100000000)
  eden space 20992K, 0% used [0x00000000eab00000,0x00000000eab00000,0x00000000ebf80000)
  from space 3072K, 99% used [0x00000000ebf80000,0x00000000ec27f508,0x00000000ec280000)
  to   space 3072K, 0% used [0x00000000ec280000,0x00000000ec280000,0x00000000ec580000)
 ParOldGen       total 54784K, used 2023K [0x00000000c0000000, 0x00000000c3580000, 0x00000000eab00000)
  object space 54784K, 3% used [0x00000000c0000000,0x00000000c01f9d28,0x00000000c3580000)
 Metaspace       used 5828K, capacity 6776K, committed 7040K, reserved 1056768K
  class space    used 610K, capacity 624K, committed 640K, reserved 1048576K
}

Deoptimization events (0 events):
No events

Internal exceptions (2 events):
Event: 0.044 Thread 0x0000000001eb2800 Exception <a 'java/lang/NoSuchMethodError': Method sun.misc.Unsafe.defineClass(Ljava/lang/String;[BII)Ljava/lang/Class; name or signature does not match> (0x00000000eab07ca8) thrown at [C:\re\workspace\8-2-build-windows-amd64-cygwin\jdk8u121\8372\hotspot\
Event: 0.045 Thread 0x0000000001eb2800 Exception <a 'java/lang/NoSuchMethodError': Method sun.misc.Unsafe.prefetchRead(Ljava/lang/Object;J)V name or signature does not match> (0x00000000eab07f90) thrown at [C:\re\workspace\8-2-build-windows-amd64-cygwin\jdk8u121\8372\hotspot\src\share\vm\prims

Events (10 events):
Event: 1.041 loading class com/android/dx/dex/file/UniformListItem
Event: 1.041 loading class com/android/dx/dex/file/UniformListItem done
Event: 1.041 loading class com/android/dx/dex/file/AnnotationSetRefItem
Event: 1.041 loading class com/android/dx/dex/file/AnnotationSetRefItem done
Event: 1.075 loading class java/util/ArrayList$1
Event: 1.076 loading class java/util/ArrayList$1 done
Event: 1.241 loading class com/android/dx/cf/code/SwitchList
Event: 1.241 loading class com/android/dx/cf/code/SwitchList done
Event: 1.270 Executing VM operation: ParallelGCFailedAllocation
Event: 1.530 Executing VM operation: ParallelGCFailedAllocation done


Dynamic libraries:
0x00007ff73c700000 - 0x00007ff73c737000 	C:\Program Files\Java\jdk1.8.0_121\bin\java.exe
0x00007ffa88590000 - 0x00007ffa8873d000 	C:\windows\SYSTEM32\ntdll.dll
0x00007ffa88380000 - 0x00007ffa884be000 	C:\windows\system32\KERNEL32.DLL
0x00007ffa85860000 - 0x00007ffa85975000 	C:\windows\system32\KERNELBASE.dll
0x00007ffa84150000 - 0x00007ffa841de000 	C:\windows\system32\apphelp.dll
0x00007ffa71b80000 - 0x00007ffa71bd3000 	C:\windows\AppPatch\AppPatch64\AcGenral.DLL
0x00007ffa881a0000 - 0x00007ffa8824a000 	C:\windows\system32\msvcrt.dll
0x00007ffa85830000 - 0x00007ffa8585e000 	C:\windows\system32\SspiCli.dll
0x00007ffa88250000 - 0x00007ffa882a4000 	C:\windows\system32\SHLWAPI.dll
0x00007ffa85eb0000 - 0x00007ffa86027000 	C:\windows\system32\USER32.dll
0x00007ffa879b0000 - 0x00007ffa87b44000 	C:\windows\system32\ole32.dll
0x00007ffa860c0000 - 0x00007ffa875e8000 	C:\windows\system32\SHELL32.dll
0x00007ffa84f10000 - 0x00007ffa84f31000 	C:\windows\SYSTEM32\USERENV.dll
0x00007ffa880f0000 - 0x00007ffa8819a000 	C:\windows\system32\ADVAPI32.dll
0x00007ffa74e50000 - 0x00007ffa74e6e000 	C:\windows\SYSTEM32\MPR.dll
0x00007ffa87fb0000 - 0x00007ffa880f0000 	C:\windows\system32\RPCRT4.dll
0x00007ffa877f0000 - 0x00007ffa87849000 	C:\windows\SYSTEM32\sechost.dll
0x00007ffa87b50000 - 0x00007ffa87d62000 	C:\windows\SYSTEM32\combase.dll
0x00007ffa87690000 - 0x00007ffa877df000 	C:\windows\system32\GDI32.dll
0x00007ffa856b0000 - 0x00007ffa856c5000 	C:\windows\SYSTEM32\profapi.dll
0x00007ffa84090000 - 0x00007ffa84142000 	C:\windows\SYSTEM32\SHCORE.dll
0x00007ffa875f0000 - 0x00007ffa87626000 	C:\windows\system32\IMM32.DLL
0x00007ffa87850000 - 0x00007ffa879a2000 	C:\windows\system32\MSCTF.dll
0x00007ffa82d30000 - 0x00007ffa82fab000 	C:\windows\WinSxS\amd64_microsoft.windows.common-controls_6595b64144ccf1df_6.0.9600.18006_none_623f33d3ecbe86e8\COMCTL32.dll
0x000000005a3a0000 - 0x000000005a472000 	C:\Program Files\Java\jdk1.8.0_121\jre\bin\msvcr100.dll
0x0000000059b00000 - 0x000000005a39b000 	C:\Program Files\Java\jdk1.8.0_121\jre\bin\server\jvm.dll
0x00007ffa79b20000 - 0x00007ffa79b29000 	C:\windows\SYSTEM32\WSOCK32.dll
0x00007ffa82fd0000 - 0x00007ffa82ff2000 	C:\windows\SYSTEM32\WINMM.dll
0x00007ffa84a30000 - 0x00007ffa84a3a000 	C:\windows\SYSTEM32\VERSION.dll
0x00007ffa877e0000 - 0x00007ffa877e7000 	C:\windows\system32\PSAPI.DLL
0x00007ffa87630000 - 0x00007ffa8768a000 	C:\windows\system32\WS2_32.dll
0x00007ffa82be0000 - 0x00007ffa82c0a000 	C:\windows\SYSTEM32\WINMMBASE.dll
0x00007ffa85c10000 - 0x00007ffa85c19000 	C:\windows\system32\NSI.dll
0x00007ffa859e0000 - 0x00007ffa85a2f000 	C:\windows\SYSTEM32\cfgmgr32.dll
0x00007ffa843c0000 - 0x00007ffa843e8000 	C:\windows\SYSTEM32\DEVOBJ.dll
0x000000005b3e0000 - 0x000000005b3ef000 	C:\Program Files\Java\jdk1.8.0_121\jre\bin\verify.dll
0x000000005b3b0000 - 0x000000005b3d9000 	C:\Program Files\Java\jdk1.8.0_121\jre\bin\java.dll
0x000000005b390000 - 0x000000005b3a6000 	C:\Program Files\Java\jdk1.8.0_121\jre\bin\zip.dll

VM Arguments:
jvm_args: -Djava.awt.headless=true -Xmx1024M -Dfile.encoding=windows-1252 -Duser.country=GB -Duser.language=en -Duser.variant 
java_command: com.android.dx.command.Main --dex --num-threads=4 --output D:\hackathon\Hackathon\Volksbank\android\app\build\intermediates\pre-dexed\debug\com.facebook.fresco-imagepipeline-1.0.1_59a8f1ce758478d07b29f2a397b666d254f5d174.jar D:\hackathon\Hackathon\Volksbank\android\app\build\intermediates\exploded-aar\com.facebook.fresco\imagepipeline\1.0.1\jars\classes.jar
java_class_path (initial): D:\Android\build-tools\23.0.1\lib\dx.jar
Launcher Type: SUN_STANDARD

Environment Variables:
JAVA_HOME=C:\Program Files\Java\jdk1.8.0_121
CLASSPATH=D:\hackathon\Hackathon\Volksbank\android\\gradle\wrapper\gradle-wrapper.jar
PATH=C:\Users\elBouaiadi\bin;C:\Program Files\Git\mingw64\bin;C:\Program Files\Git\usr\local\bin;C:\Program Files\Git\usr\bin;C:\Program Files\Git\usr\bin;C:\Program Files\Git\mingw64\bin;C:\Program Files\Git\usr\bin;C:\Users\elBouaiadi\bin;C:\ProgramData\Oracle\Java\javapath;D:\Android\platform-tools;C:\Python27;C:\Python27\Scripts;C:\Program Files (x86)\Intel\iCLS Client;C:\Program Files\Intel\iCLS Client;C:\Program Files (x86)\NVIDIA Corporation\PhysX\Common;C:\windows\system32;C:\windows;C:\windows\System32\Wbem;C:\windows\System32\WindowsPowerShell\v1.0;C:\Program Files (x86)\Hewlett-Packard\HP Performance Advisor;C:\Program Files\Intel\Intel(R) Management Engine Components\DAL;C:\Program Files\Intel\Intel(R) Management Engine Components\IPT;C:\Program Files (x86)\Intel\Intel(R) Management Engine Components\DAL;C:\Program Files (x86)\Intel\Intel(R) Management Engine Components\IPT;C:\Program Files\Microsoft SQL Server\120\Tools\Binn;C:\cygnus\cygwin-b20\H-i586-cygwin32\bin;C:\Program Files\Intel\WiFi\bin;C:\Program Files\Common Files\Intel\WirelessCommon;C:\Program Files\MATLAB\R2015a\runtime\win64;C:\Program Files\MATLAB\R2015a\bin;C:\Program Files\Microsoft SQL Server\130\Tools\Binn;C:\Program Files (x86)\Windows Kits\8.1\Windows Performance Toolkit;C:\Program Files\Git\cmd;C:\Program Files\Microsoft\Web Platform Installer;C:\Program Files\Git LFS;D:\MATLAB\runtime\win64;D:\MATLAB\bin;C:\Program Files (x86)\Skype\Phone;D:\nodejs;C:\ProgramData\chocolatey\bin;C:\PostgreSQL\pg96\bin;C:\Users\elBouaiadi\Miniconda2;C:\Users\elBouaiadi\Miniconda2\Scripts;C:\Users\elBouaiadi\Miniconda2\Library\bin;C:\cygnus\cygwin-b20\H-i586-cygwin32\bin;C:\Users\elBouaiadi\AppData\Roaming\npm;C:\Users\elBouaiadi\AppData\Local\atom\bin;D:\Android\platform-tools;D:\Android\tools;C:\Program Files (x86)\Microsoft VS Code\bin;C:\Program Files\Git\usr\bin\vendor_perl;C:\Program Files\Git\usr\bin\core_perl
USERNAME=elBouaiadi
SHELL=C:\Program Files\Git\usr\bin\bash
DISPLAY=needs-to-be-defined
OS=Windows_NT
PROCESSOR_IDENTIFIER=Intel64 Family 6 Model 60 Stepping 3, GenuineIntel



---------------  S Y S T E M  ---------------

OS: Windows 8.1 , 64 bit Build 9600 (6.3.9600.17415)

CPU:total 8 (4 cores per cpu, 2 threads per core) family 6 model 60 stepping 3, cmov, cx8, fxsr, mmx, sse, sse2, sse3, ssse3, sse4.1, sse4.2, popcnt, avx, avx2, aes, clmul, erms, lzcnt, ht, tsc, tscinvbit, bmi1, bmi2

Memory: 4k page, physical 5155948k(310108k free), swap 8301676k(5260k free)

vm_info: Java HotSpot(TM) 64-Bit Server VM (25.121-b13) for windows-amd64 JRE (1.8.0_121-b13), built on Dec 12 2016 18:21:36 by "java_re" with MS VC++ 10.0 (VS2010)

time: Sat May 13 20:59:46 2017
elapsed time: 1 seconds (0d 0h 0m 1s)

